Parsing file ------------
      0:ftyp(size=24, start=0, end=24)
     24:meta(size=629, start=24, end=653)
     36:-hdlr(size=33, start=36, end=69)
     69:-pitm(size=14, start=69, end=83)
     83:-iloc(size=52, start=83, end=135)
     99:--  item=1
    109:--    extent=1
    117:--  item=2
    127:--    extent=1
    135:-iinf(size=56, start=135, end=191)
    149:---infe(size=21, start=149, end=170)
    170:---infe(size=21, start=170, end=191)
    191:-iref(size=26, start=191, end=217)
    203:--thmb(size=14, start=203, end=217)
    217:-iprp(size=436, start=217, end=653)
    225:--ipco(size=401, start=225, end=626)
    233:---hvcC(size=108, start=233, end=341)
    341:---ispe(size=20, start=341, end=361)
    361:---hvcC(size=107, start=361, end=468)
    468:---ispe(size=20, start=468, end=488)
    488:---udes(size=138, start=488, end=626)
    626:--ipma(size=27, start=626, end=653)
    653:mdat(size=60548, start=653, end=61201)
ISOBaseMediaFile
  ftyp: <isobmfflib.ftyp.FileTypeBox object at 0x7fa2ff615af0>  majar_brand: mif1
    minor_version: 0
    compatible_brands: mif1,heic,
  meta:<isobmfflib.meta.MetaBox object at 0x7fa301545280>
  moov: None
  mdat: <isobmfflib.mdat.MediaDataBox object at 0x7fa3009881c0>
  
Parse Complete --------

Processing Binary Data and Hashes --------------
     0:-ftyp Hash=9c6ece64477a0084f856af3241ead362
    24:-meta Hash=38e683c735d4e5f2d89d605adcc3fbc9
    36:--hdlr Hash=63266d7ddc9038364e39dc50d4e19dcb
    69:--pitm Hash=b9f8843bbbac924588f76c8754c7e366
    83:--iloc Hash=42d66c5268cfecaaeccfe734ad0bd79b
      :    item=1, extent=1 Hash=4123c509c185d33f6eadf120a5a0d292
      :    item=2, extent=1 Hash=ca3cf22e2e2aa01ae68382caf57e92f4
   135:--iinf Hash=64f44ed9c80f9a7a0b89a86bdd6bea3a
   149:----infe Hash=af4493f4fc494f6a61253363eefd45d0
   170:----infe Hash=ab74547a268845472d8312d1f2ba5568
   191:--iref Hash=ee813bec4426abf7e28e7feb90fc4201
   203:---thmb Hash=e1ee5bfc3da0fc660b3f1f0b5e17d4db
   203:---thmb Hash=e1ee5bfc3da0fc660b3f1f0b5e17d4db
   217:--iprp Hash=5b5684fae5b8f02e9a5baf0d4b18e317
   225:---ipco Hash=a298fa78dbc97d73efcc8b013f75c2c2
   233:----hvcC Hash=24e00d0d796142702ee9ca4b19f2bceb
   341:----ispe Hash=75d6b33fb81519ba5410667bcc37b631
   361:----hvcC Hash=b6d61ba5ca80d1adce35a9e14c8e2972
   468:----ispe Hash=61f5fd7e5cdfffb50d0186158f85deaa
   488:----udes Hash=f7411c4802b2cdb88bca762e0adcfbd4
   626:---ipma Hash=e827b1c2e2326664eeca8256dfc56aa1
   653:-mdat Hash=564d4bd83870a0bea2e94809648350cd
Binary Data and Hash processing complete -------

Writing map file--------------
map file complete -------

Writing contents file--------------
write all to /home/kali/samples/lights_1440x960.heic.txt
Box=ftyp, location=0
Box=meta, location=24
Box=hdlr, location=36
Box=pitm, location=69
Box=iloc, location=83
Box=iinf, location=135
Box=infe, location=149
Box=infe, location=170
Box=infe, location=149
Box=infe, location=170
Box=iref, location=191
Box=thmb, location=203
Box=thmb, location=203
Box=iprp, location=217
Box=ipco, location=225
Box=hvcC, location=233
Box=ispe, location=341
Box=hvcC, location=361
Box=ispe, location=468
Box=udes, location=488
Box=ipma, location=626
Box=mdat, location=653
write all complete
Contents file complete -------
Extracting components--------------
Box=ftyp, location=0
Box=meta, location=24
Box=hdlr, location=36
Box=pitm, location=69
Box=iloc, location=83
Box=iinf, location=135
Box=infe, location=149
Box=infe, location=170
Box=infe, location=149
Box=infe, location=170
Box=iref, location=191
Box=thmb, location=203
Box=thmb, location=203
Box=iprp, location=217
Box=ipco, location=225
Box=hvcC, location=233
Box=ispe, location=341
Box=hvcC, location=361
Box=ispe, location=468
Box=udes, location=488
Box=ipma, location=626
Box=mdat, location=653
Component Extraction complete-------
Extracting metadata--------------
Extracting metadata--------------
  Extracting Exif metadata by iloc Item Record --------------
Metadata extraction complete-------
Extracting Images -----------
Image extraction complete----------
