Parsing file ------------
      0:ftyp(size=36, start=0, end=36)
     36:meta(size=305, start=36, end=341)
     48:-hdlr(size=33, start=48, end=81)
     81:-pitm(size=14, start=81, end=95)
     95:-iloc(size=34, start=95, end=129)
    111:--  item=1
    121:--    extent=1
    129:-iinf(size=47, start=129, end=176)
    145:---infe(size=31, start=145, end=176)
    176:-iprp(size=165, start=176, end=341)
    184:--ipco(size=136, start=184, end=320)
    192:---hvcC(size=108, start=192, end=300)
    300:---ispe(size=20, start=300, end=320)
    320:--ipma(size=21, start=320, end=341)
    341:moov(size=731, start=341, end=1072)
    349:-mvhd(size=108, start=349, end=457)
    457:-trak(size=615, start=457, end=1072)
    465:--tkhd(size=92, start=465, end=557)
    557:--mdia(size=515, start=557, end=1072)
    565:---mdhd(size=32, start=565, end=597)
    597:---hdlr(size=33, start=597, end=630)
    630:---minf(size=442, start=630, end=1072)
    638:----vmhd(size=20, start=638, end=658)
    658:----dinf(size=36, start=658, end=694)
    666:-----dref(size=28, start=666, end=694)
    682:-------url (size=12, start=682, end=694)
    694:----stbl(size=378, start=694, end=1072)
    702:-----stsd(size=226, start=702, end=928)
    718:-------hvc1(size=210, start=718, end=928)
    804:---------hvcC(size=108, start=804, end=912)
    912:-----ccst(size=16, start=912, end=928)
    928:-----stts(size=24, start=928, end=952)
    952:-----stsc(size=28, start=952, end=980)
    980:-----stco(size=20, start=980, end=1000)
   1000:-----stsz(size=52, start=1000, end=1052)
   1052:-----stss(size=20, start=1052, end=1072)
   1072:mdat(size=111620, start=1072, end=112692)
 112692:mdat(size=893103, start=112692, end=1005795)
1005795:mdat(size=16, start=1005795, end=1005811)
ISOBaseMediaFile
  ftyp: <isobmfflib.ftyp.FileTypeBox object at 0x7fac5a258af0>  majar_brand: heic
    minor_version: 0
    compatible_brands: msf1,mif1,heic,hevc,iso8,
  meta:<isobmfflib.meta.MetaBox object at 0x7fac5c177280>
  moov: <isobmfflib.moov.MovieBox object at 0x7fac5b5b91c0>
  mdat: <isobmfflib.mdat.MediaDataBox object at 0x7fac5a281790>
  mdat: <isobmfflib.mdat.MediaDataBox object at 0x7fac5a281d00>
  mdat: <isobmfflib.mdat.MediaDataBox object at 0x7fac5a281dc0>
  
Parse Complete --------

Processing Binary Data and Hashes --------------
     0:-ftyp Hash=5f58264b6f486e2b85d730592a3391da
    36:-meta Hash=3780cf48c574370691871ff18358e2dc
    48:--hdlr Hash=63266d7ddc9038364e39dc50d4e19dcb
    81:--pitm Hash=4afe198d0e43d8105a0c5203939f137e
    95:--iloc Hash=3d72256a60e335261034da8a1b986abc
      :    item=1, extent=1 Hash=2555cab6d9c18b029bf7dcc9e0396bca
   129:--iinf Hash=926fd6389b279525a5529060a9a040ca
   145:----infe Hash=6023baf56de84650f08a45249a3f7cd0
   176:--iprp Hash=0bebe710486c25437aaf0a99458a2b7c
   184:---ipco Hash=b11f1bc4615199c821b5cb24fb63af60
   192:----hvcC Hash=de20e7238b196430cce16cfe69695c2a
   300:----ispe Hash=2cd092cab03cb86da095b73a6802e794
   320:---ipma Hash=045783a56889ce0927959036c0ca827b
   341:-moov Hash=8676875628721fbd3b821388a67af829
   349:--mvhd Hash=dab7f74712b23e6aa6ca879214edc8ab
   457:--trak Hash=ce6ebe49305ef7af38cc7df45aed1289
   465:---tkhd Hash=fb99b831e156afca4e4dc5c871ef6101
   557:---mdia Hash=42e166ebe2f8f37e03039ac00cbd13e2
   565:----mdhd Hash=17cf95e57da9c48243b767afd1fde58e
   597:----hdlr Hash=63266d7ddc9038364e39dc50d4e19dcb
   630:----minf Hash=822e40aa0a943cc7fe4e9fcb6552d882
   638:-----vmhd Hash=c63b359b008259e3d398ddc99ecad3a0
   658:-----dinf Hash=5ca8ac3580f6779b6362b7b1e7cfeb52
   666:------dref Hash=ac0eab12278326c08f7cb3e861005e40
   682:-------url  Hash=470b5e0ae161f2b8581d42f6056f0e59
   694:-----stbl Hash=165dd0fa414e66691793dbfe00e69af0
   702:------stsd Hash=2098c80bff1270cc0f5d8cf2eec99598
   718:------------------------hvc1 Hash=4c8f1de4e49bec99b3e100e2ba437bb3
   912:------ccst Hash=edc3ee36f0ceabb0112afd5db6ab15d1
   928:------stts Hash=44327ec094aecc9c5e650f72130c1100
   952:------stsc Hash=049eb671854a9985b3475230b1d70bc2
   980:------stco Hash=1befce508578cc181a6d03c09811c1b4
  1000:------stsz Hash=a9c8a425230d6ead6d52e9f921714a34
  1052:------stss Hash=c619f667951a0001817af3ab30ab47fb
  1072:-mdat Hash=1d16f826e8bfdcdc1b89d83ac32b530a
112692:-mdat Hash=a2bd1174d2949c52fec06f1589908965
1005795:-mdat Hash=0c706d4f59aa6ac1d9ff2aee10a37df5
Binary Data and Hash processing complete -------

Writing map file--------------
map file complete -------

Writing contents file--------------
write all to /home/kali/samples/C001.heic.txt
Box=ftyp, location=0
Box=meta, location=36
Box=hdlr, location=48
Box=pitm, location=81
Box=iloc, location=95
Box=iinf, location=129
Box=infe, location=145
Box=infe, location=145
Box=iprp, location=176
Box=ipco, location=184
Box=hvcC, location=192
Box=ispe, location=300
Box=ipma, location=320
Box=moov, location=341
Box=mvhd, location=349
Box=trak, location=457
Box=tkhd, location=465
Box=mdia, location=557
Box=mdhd, location=565
Box=hdlr, location=597
Box=minf, location=630
Box=vmhd, location=638
Box=dinf, location=658
Box=dref, location=666
Box=url , location=682
Box=url , location=682
Box=stbl, location=694
Box=stsd, location=702
Box=hvc1, location=718
Box=hvc1, location=718
Box=ccst, location=912
Box=stts, location=928
Box=stsc, location=952
Box=stco, location=980
Box=stsz, location=1000
Box=stss, location=1052
Box=mdat, location=1072
Box=mdat, location=112692
Box=mdat, location=1005795
write all complete
Contents file complete -------
Extracting components--------------
Box=ftyp, location=0
Box=meta, location=36
Box=hdlr, location=48
Box=pitm, location=81
Box=iloc, location=95
Box=iinf, location=129
Box=infe, location=145
Box=infe, location=145
Box=iprp, location=176
Box=ipco, location=184
Box=hvcC, location=192
Box=ispe, location=300
Box=ipma, location=320
Box=moov, location=341
Box=mvhd, location=349
Box=trak, location=457
Box=tkhd, location=465
Box=mdia, location=557
Box=mdhd, location=565
Box=hdlr, location=597
Box=minf, location=630
Box=vmhd, location=638
Box=dinf, location=658
Box=dref, location=666
Box=url , location=682
Box=url , location=682
Box=stbl, location=694
Box=stsd, location=702
Box=hvc1, location=718
Box=hvc1, location=718
Box=ccst, location=912
Box=stts, location=928
Box=stsc, location=952
Box=stco, location=980
Box=stsz, location=1000
Box=stss, location=1052
Box=mdat, location=1072
Box=mdat, location=112692
Box=mdat, location=1005795
Component Extraction complete-------
Extracting metadata--------------
Extracting metadata--------------
  Extracting Exif metadata by iloc Item Record --------------
Metadata extraction complete-------
Extracting Images -----------
Image extraction complete----------
