Parsing file ------------
      0:ftyp(size=24, start=0, end=24)
     24:meta(size=1485, start=24, end=1509)
     36:-hdlr(size=33, start=36, end=69)
     69:-pitm(size=14, start=69, end=83)
     83:-iloc(size=160, start=83, end=243)
     99:--  item=1
    109:--    extent=1
    117:--  item=2
    127:--    extent=1
    135:--  item=3
    145:--    extent=1
    153:--  item=4
    163:--    extent=1
    171:--  item=5
    181:--    extent=1
    189:--  item=6
    199:--    extent=1
    207:--  item=7
    217:--    extent=1
    225:--  item=8
    235:--    extent=1
    243:-iinf(size=182, start=243, end=425)
    257:---infe(size=21, start=257, end=278)
    278:---infe(size=21, start=278, end=299)
    299:---infe(size=21, start=299, end=320)
    320:---infe(size=21, start=320, end=341)
    341:---infe(size=21, start=341, end=362)
    362:---infe(size=21, start=362, end=383)
    383:---infe(size=21, start=383, end=404)
    404:---infe(size=21, start=404, end=425)
    425:-iref(size=68, start=425, end=493)
    437:--thmb(size=14, start=437, end=451)
    451:--thmb(size=14, start=451, end=465)
    465:--thmb(size=14, start=465, end=479)
    479:--thmb(size=14, start=479, end=493)
    493:-iprp(size=972, start=493, end=1465)
    501:--ipco(size=908, start=501, end=1409)
    509:---hvcC(size=108, start=509, end=617)
    617:---ispe(size=20, start=617, end=637)
    637:---hvcC(size=107, start=637, end=744)
    744:---ispe(size=20, start=744, end=764)
    764:---hvcC(size=108, start=764, end=872)
    872:---hvcC(size=107, start=872, end=979)
    979:---hvcC(size=108, start=979, end=1087)
   1087:---hvcC(size=107, start=1087, end=1194)
   1194:---hvcC(size=108, start=1194, end=1302)
   1302:---hvcC(size=107, start=1302, end=1409)
   1409:--ipma(size=56, start=1409, end=1465)
   1465:-grpl(size=44, start=1465, end=1509)
   1509:mdat(size=791326, start=1509, end=792835)
ISOBaseMediaFile
  ftyp: <isobmfflib.ftyp.FileTypeBox object at 0x7f8b0b101af0>  majar_brand: mif1
    minor_version: 0
    compatible_brands: mif1,heic,
  meta:<isobmfflib.meta.MetaBox object at 0x7f8b0d043280>
  moov: None
  mdat: <isobmfflib.mdat.MediaDataBox object at 0x7f8b0c6951c0>
  
Parse Complete --------

Processing Binary Data and Hashes --------------
     0:-ftyp Hash=9c6ece64477a0084f856af3241ead362
    24:-meta Hash=08ae6f2cdb008009d0bf063e55760a5b
    36:--hdlr Hash=63266d7ddc9038364e39dc50d4e19dcb
    69:--pitm Hash=9237c952c7f9bfde73ff2fb34d599bd0
    83:--iloc Hash=108bd224c54a087cfd1d2a9d21428666
      :    item=1, extent=1 Hash=8a151b4d763bf5bca322a0412b845915
      :    item=2, extent=1 Hash=81d68b18d848e33c718b99520fc0ba73
      :    item=3, extent=1 Hash=1377e2713ceb5cab4f8fdb6dda9e4b9d
      :    item=4, extent=1 Hash=5a53ba415a0c8991aa20c46abb5d9fad
      :    item=5, extent=1 Hash=4dda625f0df240117e7efe840a117d87
      :    item=6, extent=1 Hash=3c2075c8d28e0d3c75c6752931ac7ccf
      :    item=7, extent=1 Hash=a3c4a1947315e1236e08afeaf47d1d03
      :    item=8, extent=1 Hash=f63a6aafa8e22781ee4af38a5a6f42eb
   243:--iinf Hash=8333c7e106aae49df4dd0a54fa8b4b77
   257:----infe Hash=10d476dfb38d34c54ddf6fd581625e24
   278:----infe Hash=58589a2601b700301caf3c14d30f69a3
   299:----infe Hash=205fed5b0fe06c9c51701ab7612965f1
   320:----infe Hash=264cc5995bc87c8a0de51584ae268d89
   341:----infe Hash=41ebc168f5535cbc5fcafcb9cf9061b0
   362:----infe Hash=d7bbf707301497b79ec63bc8a264b85e
   383:----infe Hash=61826adb15fa3a47b44473c3dba10746
   404:----infe Hash=c7e763c4edc4e3e0a4fcd29a413ea1e6
   425:--iref Hash=7722bedd9e4bce646898330f233e05d6
   437:---thmb Hash=05608b3b374c46d20061b6ea609685f1
   451:---thmb Hash=7e9915ed99ac7b25150a365f6aaf451a
   465:---thmb Hash=ebd90f67ebc5d9a8540f46d583164d32
   479:---thmb Hash=e983f45135bbabc80d31e15fdad450e4
   437:---thmb Hash=05608b3b374c46d20061b6ea609685f1
   451:---thmb Hash=7e9915ed99ac7b25150a365f6aaf451a
   465:---thmb Hash=ebd90f67ebc5d9a8540f46d583164d32
   479:---thmb Hash=e983f45135bbabc80d31e15fdad450e4
   493:--iprp Hash=79968afdaa919d25e3e6eaba38461d03
   501:---ipco Hash=a2a0dc7ad157194392ad31fb0dbeb71b
   509:----hvcC Hash=24e00d0d796142702ee9ca4b19f2bceb
   617:----ispe Hash=75d6b33fb81519ba5410667bcc37b631
   637:----hvcC Hash=b6d61ba5ca80d1adce35a9e14c8e2972
   744:----ispe Hash=61f5fd7e5cdfffb50d0186158f85deaa
   764:----hvcC Hash=24e00d0d796142702ee9ca4b19f2bceb
   872:----hvcC Hash=b6d61ba5ca80d1adce35a9e14c8e2972
   979:----hvcC Hash=24e00d0d796142702ee9ca4b19f2bceb
  1087:----hvcC Hash=b6d61ba5ca80d1adce35a9e14c8e2972
  1194:----hvcC Hash=24e00d0d796142702ee9ca4b19f2bceb
  1302:----hvcC Hash=b6d61ba5ca80d1adce35a9e14c8e2972
  1409:---ipma Hash=8252d95c22a8bb6cb5ac4d3f83c2fcc5
  1465:--grpl Hash=5d6175184e38386b2fcd78b0fd4bcfa7
  1509:-mdat Hash=c688a028ca42b048bd10e34aa6ffe588
Binary Data and Hash processing complete -------

Writing map file--------------
map file complete -------

Writing contents file--------------
write all to /home/kali/samples/season_collection_1440x960.heic.txt
Box=ftyp, location=0
Box=meta, location=24
Box=hdlr, location=36
Box=pitm, location=69
Box=iloc, location=83
Box=iinf, location=243
Box=infe, location=257
Box=infe, location=278
Box=infe, location=299
Box=infe, location=320
Box=infe, location=341
Box=infe, location=362
Box=infe, location=383
Box=infe, location=404
Box=infe, location=257
Box=infe, location=278
Box=infe, location=299
Box=infe, location=320
Box=infe, location=341
Box=infe, location=362
Box=infe, location=383
Box=infe, location=404
Box=iref, location=425
Box=thmb, location=437
Box=thmb, location=451
Box=thmb, location=465
Box=thmb, location=479
Box=thmb, location=437
Box=thmb, location=451
Box=thmb, location=465
Box=thmb, location=479
Box=iprp, location=493
Box=ipco, location=501
Box=hvcC, location=509
Box=ispe, location=617
Box=hvcC, location=637
Box=ispe, location=744
Box=hvcC, location=764
Box=hvcC, location=872
Box=hvcC, location=979
Box=hvcC, location=1087
Box=hvcC, location=1194
Box=hvcC, location=1302
Box=ipma, location=1409
Box=grpl, location=1465
Box=mdat, location=1509
write all complete
Contents file complete -------
Extracting components--------------
Box=ftyp, location=0
Box=meta, location=24
Box=hdlr, location=36
Box=pitm, location=69
Box=iloc, location=83
Box=iinf, location=243
Box=infe, location=257
Box=infe, location=278
Box=infe, location=299
Box=infe, location=320
Box=infe, location=341
Box=infe, location=362
Box=infe, location=383
Box=infe, location=404
Box=infe, location=257
Box=infe, location=278
Box=infe, location=299
Box=infe, location=320
Box=infe, location=341
Box=infe, location=362
Box=infe, location=383
Box=infe, location=404
Box=iref, location=425
Box=thmb, location=437
Box=thmb, location=451
Box=thmb, location=465
Box=thmb, location=479
Box=thmb, location=437
Box=thmb, location=451
Box=thmb, location=465
Box=thmb, location=479
Box=iprp, location=493
Box=ipco, location=501
Box=hvcC, location=509
Box=ispe, location=617
Box=hvcC, location=637
Box=ispe, location=744
Box=hvcC, location=764
Box=hvcC, location=872
Box=hvcC, location=979
Box=hvcC, location=1087
Box=hvcC, location=1194
Box=hvcC, location=1302
Box=ipma, location=1409
Box=grpl, location=1465
Box=mdat, location=1509
Component Extraction complete-------
Extracting metadata--------------
Extracting metadata--------------
  Extracting Exif metadata by iloc Item Record --------------
Metadata extraction complete-------
Extracting Images -----------
Image extraction complete----------
