Parsing file ------------
      0:ftyp(size=24, start=0, end=24)
     24:meta(size=923, start=24, end=947)
     36:-hdlr(size=33, start=36, end=69)
     69:-pitm(size=14, start=69, end=83)
     83:-iloc(size=116, start=83, end=199)
     99:--  item=1
    111:--    extent=1
    119:--  item=2
    131:--    extent=1
    139:--  item=3
    151:--    extent=1
    159:--  item=4
    171:--    extent=1
    179:--  item=5
    191:--    extent=1
    199:-iinf(size=172, start=199, end=371)
    213:---infe(size=31, start=213, end=244)
    244:---infe(size=31, start=244, end=275)
    275:---infe(size=31, start=275, end=306)
    306:---infe(size=31, start=306, end=337)
    337:---infe(size=34, start=337, end=371)
    371:-iref(size=32, start=371, end=403)
    383:--dimg(size=20, start=383, end=403)
    403:-idat(size=16, start=403, end=419)
    419:-iprp(size=528, start=419, end=947)
    427:--ipco(size=480, start=427, end=907)
    435:---hvcC(size=108, start=435, end=543)
    543:---ispe(size=20, start=543, end=563)
    563:---hvcC(size=108, start=563, end=671)
    671:---hvcC(size=108, start=671, end=779)
    779:---hvcC(size=108, start=779, end=887)
    887:---ispe(size=20, start=887, end=907)
    907:--ipma(size=40, start=907, end=947)
    947:mdat(size=96395, start=947, end=97342)
ISOBaseMediaFile
  ftyp: <isobmfflib.ftyp.FileTypeBox object at 0x7ffb27901af0>  majar_brand: mif1
    minor_version: 0
    compatible_brands: mif1,heic,
  meta:<isobmfflib.meta.MetaBox object at 0x7ffb2984f280>
  moov: None
  mdat: <isobmfflib.mdat.MediaDataBox object at 0x7ffb28ea11c0>
  
Parse Complete --------

Processing Binary Data and Hashes --------------
     0:-ftyp Hash=9c6ece64477a0084f856af3241ead362
    24:-meta Hash=fec8de7c18ed34780ce6e7f40c3f37a6
    36:--hdlr Hash=63266d7ddc9038364e39dc50d4e19dcb
    69:--pitm Hash=38f1e9c75abec0cda431afebdd04d394
    83:--iloc Hash=73fa1d1571142491d05f37a09ac1eba5
      :    item=1, extent=1 Hash=726d94bbb6ddcfe00ca023b5210d7764
      :    item=2, extent=1 Hash=1941dae9be3559ae1c1ab8eba6b43726
      :    item=3, extent=1 Hash=385b44e54b4ad8768628749c2acaee82
      :    item=4, extent=1 Hash=db09cc1d188caa44e3475e3ec0168eed
      :    item=5, extent=1 Hash=5998aa1c652da4b64e9927f3cdc9682c
   199:--iinf Hash=93532e61f670e3d5c93c37d42c9e125d
   213:----infe Hash=d8cb8b87c9b83a85217ec7327aba0e2b
   244:----infe Hash=642b4e8b3001054ba3a0f43c4df778d9
   275:----infe Hash=1de5f844e84ba64ed848b63b3b6a00fa
   306:----infe Hash=44d1fbd6b911d87d28fbac1736a2b777
   337:----infe Hash=3a90c7ee4d64ce4b2da49c9c6a547258
   371:--iref Hash=53ad6e269f88c3292543097616c18105
   383:---dimg Hash=8acf5852bedba01ce1bda116e9fe2b41
   383:---dimg Hash=8acf5852bedba01ce1bda116e9fe2b41
   403:--idat Hash=02224eb8194d64c4d97dd81b1baaf03b
   419:--iprp Hash=cb1069107ed0360e8a34d5e67f361743
   427:---ipco Hash=551513982364c7990b57befe0e9b7b7f
   435:----hvcC Hash=f347fabeb47e3817c59fe34611cfee80
   543:----ispe Hash=6b5f7d758e02683effc5bb175b4cf0d7
   563:----hvcC Hash=f347fabeb47e3817c59fe34611cfee80
   671:----hvcC Hash=f347fabeb47e3817c59fe34611cfee80
   779:----hvcC Hash=f347fabeb47e3817c59fe34611cfee80
   887:----ispe Hash=b4b10c0f4a19db0e6807aea50189b9cc
   907:---ipma Hash=531fc448f0c7c4c46f466e8f5d05ca67
   947:-mdat Hash=b8e3b48c7ae0923e96d966755c829fd3
Binary Data and Hash processing complete -------

Writing map file--------------
map file complete -------

Writing contents file--------------
write all to /home/kali/samples/grid_960x640.heic.txt
Box=ftyp, location=0
Box=meta, location=24
Box=hdlr, location=36
Box=pitm, location=69
Box=iloc, location=83
Box=iinf, location=199
Box=infe, location=213
Box=infe, location=244
Box=infe, location=275
Box=infe, location=306
Box=infe, location=337
Box=infe, location=213
Box=infe, location=244
Box=infe, location=275
Box=infe, location=306
Box=infe, location=337
Box=iref, location=371
Box=dimg, location=383
Box=dimg, location=383
Box=idat, location=403
Box=iprp, location=419
Box=ipco, location=427
Box=hvcC, location=435
Box=ispe, location=543
Box=hvcC, location=563
Box=hvcC, location=671
Box=hvcC, location=779
Box=ispe, location=887
Box=ipma, location=907
Box=mdat, location=947
write all complete
Contents file complete -------
Extracting components--------------
Box=ftyp, location=0
Box=meta, location=24
Box=hdlr, location=36
Box=pitm, location=69
Box=iloc, location=83
Box=iinf, location=199
Box=infe, location=213
Box=infe, location=244
Box=infe, location=275
Box=infe, location=306
Box=infe, location=337
Box=infe, location=213
Box=infe, location=244
Box=infe, location=275
Box=infe, location=306
Box=infe, location=337
Box=iref, location=371
Box=dimg, location=383
Box=dimg, location=383
Box=idat, location=403
Box=iprp, location=419
Box=ipco, location=427
Box=hvcC, location=435
Box=ispe, location=543
Box=hvcC, location=563
Box=hvcC, location=671
Box=hvcC, location=779
Box=ispe, location=887
Box=ipma, location=907
Box=mdat, location=947
Component Extraction complete-------
Extracting metadata--------------
Extracting metadata--------------
  Extracting Exif metadata by iloc Item Record --------------
Metadata extraction complete-------
Extracting Images -----------
Image extraction complete----------
