Parsing file ------------
      0:ftyp(size=36, start=0, end=36)
     36:meta(size=801, start=36, end=837)
     48:-hdlr(size=33, start=48, end=81)
     81:-pitm(size=14, start=81, end=95)
     95:-iloc(size=88, start=95, end=183)
    111:--  item=1
    121:--    extent=1
    129:--  item=2
    139:--    extent=1
    147:--  item=3
    157:--    extent=1
    165:--  item=4
    175:--    extent=1
    183:-iinf(size=138, start=183, end=321)
    197:---infe(size=31, start=197, end=228)
    228:---infe(size=31, start=228, end=259)
    259:---infe(size=31, start=259, end=290)
    290:---infe(size=31, start=290, end=321)
    321:-iref(size=12, start=321, end=333)
    333:-iprp(size=504, start=333, end=837)
    341:--ipco(size=460, start=341, end=801)
    349:---hvcC(size=108, start=349, end=457)
    457:---ispe(size=20, start=457, end=477)
    477:---hvcC(size=108, start=477, end=585)
    585:---hvcC(size=108, start=585, end=693)
    693:---hvcC(size=108, start=693, end=801)
    801:--ipma(size=36, start=801, end=837)
    837:moov(size=2022, start=837, end=2859)
    845:-mvhd(size=108, start=845, end=953)
    953:-trak(size=1051, start=953, end=2004)
    961:--tkhd(size=92, start=961, end=1053)
   1053:--mdia(size=951, start=1053, end=2004)
   1061:---mdhd(size=32, start=1061, end=1093)
   1093:---hdlr(size=66, start=1093, end=1159)
   1159:---minf(size=845, start=1159, end=2004)
   1167:----vmhd(size=20, start=1167, end=1187)
   1187:----dinf(size=36, start=1187, end=1223)
   1195:-----dref(size=28, start=1195, end=1223)
   1211:-------url (size=12, start=1211, end=1223)
   1223:----stbl(size=781, start=1223, end=2004)
   1231:-----stsd(size=339, start=1231, end=1570)
   1247:-------hvc1(size=323, start=1247, end=1570)
   1333:---------hvcC(size=221, start=1333, end=1554)
   1554:-----ccst(size=16, start=1554, end=1570)
   1570:-----stts(size=24, start=1570, end=1594)
   1594:-----stsc(size=28, start=1594, end=1622)
   1622:-----stco(size=20, start=1622, end=1642)
   1642:-----stsz(size=260, start=1642, end=1902)
   1902:-----stss(size=20, start=1902, end=1922)
   1922:-----sgpd(size=46, start=1922, end=1968)
   1968:-----sbgp(size=36, start=1968, end=2004)
   2004:-trak(size=855, start=2004, end=2859)
   2012:--tkhd(size=92, start=2012, end=2104)
   2104:--tref(size=20, start=2104, end=2124)
   2124:--mdia(size=735, start=2124, end=2859)
   2132:---mdhd(size=32, start=2132, end=2164)
   2164:---hdlr(size=66, start=2164, end=2230)
   2230:---minf(size=629, start=2230, end=2859)
   2238:----vmhd(size=20, start=2238, end=2258)
   2258:----dinf(size=36, start=2258, end=2294)
   2266:-----dref(size=28, start=2266, end=2294)
   2282:-------url (size=12, start=2282, end=2294)
   2294:----stbl(size=565, start=2294, end=2859)
   2302:-----stsd(size=225, start=2302, end=2527)
   2318:-------hvc1(size=209, start=2318, end=2527)
   2404:---------hvcC(size=107, start=2404, end=2511)
   2511:-----ccst(size=16, start=2511, end=2527)
   2527:-----stts(size=24, start=2527, end=2551)
   2551:-----stsc(size=28, start=2551, end=2579)
   2579:-----stco(size=20, start=2579, end=2599)
   2599:-----stsz(size=260, start=2599, end=2859)
   2859:mdat(size=1014824, start=2859, end=1017683)
ISOBaseMediaFile
  ftyp: <isobmfflib.ftyp.FileTypeBox object at 0x7f34678acaf0>  majar_brand: msf1
    minor_version: 0
    compatible_brands: msf1,hevc,heic,mif1,iso8,
  meta:<isobmfflib.meta.MetaBox object at 0x7f34686fa280>
  moov: <isobmfflib.moov.MovieBox object at 0x7f3467d4c1c0>
  mdat: <isobmfflib.mdat.MediaDataBox object at 0x7f34678d5a60>
  
Parse Complete --------

Processing Binary Data and Hashes --------------
     0:-ftyp Hash=50300599cac9028b2ef466479dad928e
    36:-meta Hash=9193fd654cef10bd81c53acb6ea405b7
    48:--hdlr Hash=63266d7ddc9038364e39dc50d4e19dcb
    81:--pitm Hash=d3212d438a7c9bee46b2e5f8811c4290
    95:--iloc Hash=61cb295ae6132c6cf74a71e5f2ac7a54
      :    item=1, extent=1 Hash=39d458c092ea1afb27a9172d1bfb74db
      :    item=2, extent=1 Hash=58b2f625e3e1d2bc9427a2dcc42ba8f6
      :    item=3, extent=1 Hash=08c5edda5f03d3bdb97547e98a6ac65a
      :    item=4, extent=1 Hash=f6c486ded58e2ae295a74e0321b4550a
   183:--iinf Hash=cad8317c737d164e7823842f70018a7f
   197:----infe Hash=130764fec904d25a866e98a5cb0e8a46
   228:----infe Hash=65dd226d28fe5fb125ece13ce2816f97
   259:----infe Hash=fac9571b45feacc1dc11d47dad091aae
   290:----infe Hash=4fec62f21126aad437ba67f8921453cc
   321:-iref Hash=26aae28c2342073ad6b830ce39845009
   333:--iprp Hash=6c64bdd31a9686440cc96af208692e84
   341:---ipco Hash=868bb768485dc04fe9056fadb2d71758
   349:----hvcC Hash=88262e8ec639d17528a492592c2689e3
   457:----ispe Hash=2cd092cab03cb86da095b73a6802e794
   477:----hvcC Hash=88262e8ec639d17528a492592c2689e3
   585:----hvcC Hash=88262e8ec639d17528a492592c2689e3
   693:----hvcC Hash=88262e8ec639d17528a492592c2689e3
   801:---ipma Hash=d2fb359c65ca1ec78158ca5cca94f9a7
   837:-moov Hash=2be8afcb4aa61830674be47824ace2f0
   845:--mvhd Hash=cdde998e88bc4430b0189801bdf650f5
   953:--trak Hash=51d64885035d3ee54c200ba3a26f0325
   961:---tkhd Hash=ce97608ccffad56c88356bda62953ed2
  1053:---mdia Hash=688ec2eb03b783c16efcb09bb655b56f
  1061:----mdhd Hash=b15e4ff1baca09fe2c0d73bc8c9131d7
  1093:----hdlr Hash=0cfbfae8e9b3641e667682790ba9217b
  1159:----minf Hash=74b0e249388ca96d9897b7fa115720d2
  1167:-----vmhd Hash=223b7f6c7e9df8c9f756f34663480f82
  1187:-----dinf Hash=5ca8ac3580f6779b6362b7b1e7cfeb52
  1195:------dref Hash=ac0eab12278326c08f7cb3e861005e40
  1211:-------url  Hash=470b5e0ae161f2b8581d42f6056f0e59
  1223:-----stbl Hash=c638537e9263ac3a1c0438b73fa2206a
  1231:------stsd Hash=6c8df400c905cd444f95b0e55c186cbe
  1247:------------------------hvc1 Hash=77da6940a4cbd9a8f27aabafd86af908
  1554:------ccst Hash=f87d0d84f8eca4b6eaa34ddbbcf03acb
  1570:------stts Hash=d87d98b0d238c3a21d31e3aa7c105466
  1594:------stsc Hash=eaddbb863aae80054efc6855b6a0c08b
  1622:------stco Hash=c1e51da5997b32bb718f945c5ff56cc8
  1642:------stsz Hash=6c943f7e4ba832842dc6b6dd116ec14f
  1902:------stss Hash=c619f667951a0001817af3ab30ab47fb
  1922:------sgpd Hash=bcc3b8832f50a76c8b5852d24e1e1aaa
  1968:------sbgp Hash=f95802a933403a3bfe93c085419600df
  2004:--trak Hash=48cdb0b0848613859bbdea13ff787165
  2012:---tkhd Hash=700c6f6b8b87f18fef28a48a9236fad8
  2104:---tref Hash=ae5aa37b6124654bdd97461700dc93af
  2124:---mdia Hash=698384f0f755eab01c04c553ca2420d9
  2132:----mdhd Hash=b15e4ff1baca09fe2c0d73bc8c9131d7
  2164:----hdlr Hash=0cfbfae8e9b3641e667682790ba9217b
  2230:----minf Hash=2fb89b2c915fbd452bd6efc4397c9f3e
  2238:-----vmhd Hash=223b7f6c7e9df8c9f756f34663480f82
  2258:-----dinf Hash=5ca8ac3580f6779b6362b7b1e7cfeb52
  2266:------dref Hash=ac0eab12278326c08f7cb3e861005e40
  2282:-------url  Hash=470b5e0ae161f2b8581d42f6056f0e59
  2294:-----stbl Hash=c10a183d3e3c5df02e42b2421a2689fc
  2302:------stsd Hash=89dfebad91103d66f89576720cfb15fa
  2318:------------------------hvc1 Hash=020825935e1e144f0297de6c8434c2a1
  2511:------ccst Hash=edc3ee36f0ceabb0112afd5db6ab15d1
  2527:------stts Hash=d87d98b0d238c3a21d31e3aa7c105466
  2551:------stsc Hash=eaddbb863aae80054efc6855b6a0c08b
  2579:------stco Hash=9a9084b8f0d7500fae9d5a16e2c79aff
  2599:------stsz Hash=2051279c8fa41e7286086682ac5afe19
  2859:-mdat Hash=37f348d6746a85aed46199273d4e983a
Binary Data and Hash processing complete -------

Writing map file--------------
map file complete -------

Writing contents file--------------
write all to /home/kali/samples/rally_burst.heic.txt
Box=ftyp, location=0
Box=meta, location=36
Box=hdlr, location=48
Box=pitm, location=81
Box=iloc, location=95
Box=iinf, location=183
Box=infe, location=197
Box=infe, location=228
Box=infe, location=259
Box=infe, location=290
Box=infe, location=197
Box=infe, location=228
Box=infe, location=259
Box=infe, location=290
Box=iref, location=321
Box=iprp, location=333
Box=ipco, location=341
Box=hvcC, location=349
Box=ispe, location=457
Box=hvcC, location=477
Box=hvcC, location=585
Box=hvcC, location=693
Box=ipma, location=801
Box=moov, location=837
Box=mvhd, location=845
Box=trak, location=953
Box=tkhd, location=961
Box=mdia, location=1053
Box=mdhd, location=1061
Box=hdlr, location=1093
Box=minf, location=1159
Box=vmhd, location=1167
Box=dinf, location=1187
Box=dref, location=1195
Box=url , location=1211
Box=url , location=1211
Box=stbl, location=1223
Box=stsd, location=1231
Box=hvc1, location=1247
Box=hvc1, location=1247
Box=ccst, location=1554
Box=stts, location=1570
Box=stsc, location=1594
Box=stco, location=1622
Box=stsz, location=1642
Box=stss, location=1902
Box=sgpd, location=1922
Box=sbgp, location=1968
Box=trak, location=2004
Box=tkhd, location=2012
Box=tref, location=2104
Box=mdia, location=2124
Box=mdhd, location=2132
Box=hdlr, location=2164
Box=minf, location=2230
Box=vmhd, location=2238
Box=dinf, location=2258
Box=dref, location=2266
Box=url , location=2282
Box=url , location=2282
Box=stbl, location=2294
Box=stsd, location=2302
Box=hvc1, location=2318
Box=hvc1, location=2318
Box=ccst, location=2511
Box=stts, location=2527
Box=stsc, location=2551
Box=stco, location=2579
Box=stsz, location=2599
Box=mdat, location=2859
write all complete
Contents file complete -------
Extracting components--------------
Box=ftyp, location=0
Box=meta, location=36
Box=hdlr, location=48
Box=pitm, location=81
Box=iloc, location=95
Box=iinf, location=183
Box=infe, location=197
Box=infe, location=228
Box=infe, location=259
Box=infe, location=290
Box=infe, location=197
Box=infe, location=228
Box=infe, location=259
Box=infe, location=290
Box=iref, location=321
Box=iprp, location=333
Box=ipco, location=341
Box=hvcC, location=349
Box=ispe, location=457
Box=hvcC, location=477
Box=hvcC, location=585
Box=hvcC, location=693
Box=ipma, location=801
Box=moov, location=837
Box=mvhd, location=845
Box=trak, location=953
Box=tkhd, location=961
Box=mdia, location=1053
Box=mdhd, location=1061
Box=hdlr, location=1093
Box=minf, location=1159
Box=vmhd, location=1167
Box=dinf, location=1187
Box=dref, location=1195
Box=url , location=1211
Box=url , location=1211
Box=stbl, location=1223
Box=stsd, location=1231
Box=hvc1, location=1247
Box=hvc1, location=1247
Box=ccst, location=1554
Box=stts, location=1570
Box=stsc, location=1594
Box=stco, location=1622
Box=stsz, location=1642
Box=stss, location=1902
Box=sgpd, location=1922
Box=sbgp, location=1968
Box=trak, location=2004
Box=tkhd, location=2012
Box=tref, location=2104
Box=mdia, location=2124
Box=mdhd, location=2132
Box=hdlr, location=2164
Box=minf, location=2230
Box=vmhd, location=2238
Box=dinf, location=2258
Box=dref, location=2266
Box=url , location=2282
Box=url , location=2282
Box=stbl, location=2294
Box=stsd, location=2302
Box=hvc1, location=2318
Box=hvc1, location=2318
Box=ccst, location=2511
Box=stts, location=2527
Box=stsc, location=2551
Box=stco, location=2579
Box=stsz, location=2599
Box=mdat, location=2859
Component Extraction complete-------
Extracting metadata--------------
Extracting metadata--------------
  Extracting Exif metadata by iloc Item Record --------------
Metadata extraction complete-------
Extracting Images -----------
Image extraction complete----------
