Parsing file ------------
      0:ftyp(size=24, start=0, end=24)
     24:meta(size=1521, start=24, end=1545)
     36:-hdlr(size=33, start=36, end=69)
     69:-pitm(size=14, start=69, end=83)
     83:-iloc(size=160, start=83, end=243)
     99:--  item=1
    109:--    extent=1
    117:--  item=2
    127:--    extent=1
    135:--  item=3
    145:--    extent=1
    153:--  item=4
    163:--    extent=1
    171:--  item=5
    181:--    extent=1
    189:--  item=6
    199:--    extent=1
    207:--  item=7
    217:--    extent=1
    225:--  item=8
    235:--    extent=1
    243:-iinf(size=262, start=243, end=505)
    257:---infe(size=31, start=257, end=288)
    288:---infe(size=31, start=288, end=319)
    319:---infe(size=31, start=319, end=350)
    350:---infe(size=31, start=350, end=381)
    381:---infe(size=31, start=381, end=412)
    412:---infe(size=31, start=412, end=443)
    443:---infe(size=31, start=443, end=474)
    474:---infe(size=31, start=474, end=505)
    505:-iref(size=68, start=505, end=573)
    517:--thmb(size=14, start=517, end=531)
    531:--thmb(size=14, start=531, end=545)
    545:--thmb(size=14, start=545, end=559)
    559:--thmb(size=14, start=559, end=573)
    573:-iprp(size=972, start=573, end=1545)
    581:--ipco(size=908, start=581, end=1489)
    589:---hvcC(size=108, start=589, end=697)
    697:---ispe(size=20, start=697, end=717)
    717:---hvcC(size=107, start=717, end=824)
    824:---ispe(size=20, start=824, end=844)
    844:---hvcC(size=108, start=844, end=952)
    952:---hvcC(size=107, start=952, end=1059)
   1059:---hvcC(size=108, start=1059, end=1167)
   1167:---hvcC(size=107, start=1167, end=1274)
   1274:---hvcC(size=108, start=1274, end=1382)
   1382:---hvcC(size=107, start=1382, end=1489)
   1489:--ipma(size=56, start=1489, end=1545)
   1545:mdat(size=457124, start=1545, end=458669)
ISOBaseMediaFile
  ftyp: <isobmfflib.ftyp.FileTypeBox object at 0x7f1b5d85daf0>  majar_brand: mif1
    minor_version: 0
    compatible_brands: mif1,heic,
  meta:<isobmfflib.meta.MetaBox object at 0x7f1b5e6c7280>
  moov: None
  mdat: <isobmfflib.mdat.MediaDataBox object at 0x7f1b5dd191c0>
  
Parse Complete --------

Processing Binary Data and Hashes --------------
     0:-ftyp Hash=9c6ece64477a0084f856af3241ead362
    24:-meta Hash=2d4609f1c801a450e5cfc533cedcc583
    36:--hdlr Hash=63266d7ddc9038364e39dc50d4e19dcb
    69:--pitm Hash=b9f8843bbbac924588f76c8754c7e366
    83:--iloc Hash=e3f7e76903e863a6b3ceb724bd6a08b4
      :    item=1, extent=1 Hash=de9efdb54b3b734c76db8b0f27e056f5
      :    item=2, extent=1 Hash=b095578a14254747ba5af79e09f5184f
      :    item=3, extent=1 Hash=9e19974f89cb1948ba0eea9b494b986b
      :    item=4, extent=1 Hash=ae1e9552fd994b5b19a0b028fadfc888
      :    item=5, extent=1 Hash=d6bcbe6113c8a84153a2fa5035b73e35
      :    item=6, extent=1 Hash=b70f7e807d5e0ea00795cbf6e42c3721
      :    item=7, extent=1 Hash=ba8dc920a175b0b10c8d7773a4b5bd7a
      :    item=8, extent=1 Hash=2f11a8c2dbbe1deea677712103f9fefc
   243:--iinf Hash=2fed7a14b2527e2dce59f0e46b59f19c
   257:----infe Hash=d8cb8b87c9b83a85217ec7327aba0e2b
   288:----infe Hash=642b4e8b3001054ba3a0f43c4df778d9
   319:----infe Hash=1de5f844e84ba64ed848b63b3b6a00fa
   350:----infe Hash=44d1fbd6b911d87d28fbac1736a2b777
   381:----infe Hash=5bcd8090c54ee71c251e3c04e8368a37
   412:----infe Hash=83e199f085987167bff13d0ab188c7e5
   443:----infe Hash=17accf4fdd2bcf69adf7c86adec7378e
   474:----infe Hash=f7ed22f678a87c40a85809017e369472
   505:--iref Hash=8d0cf7d935c99c66eb93e700e67099e8
   517:---thmb Hash=e1ee5bfc3da0fc660b3f1f0b5e17d4db
   531:---thmb Hash=16c79535e75ff1d46329bc2e0a3fcb35
   545:---thmb Hash=cbac7128bdeaad8bfe306c16f364c8bf
   559:---thmb Hash=31e871268d3f5352b243e0c30642887d
   517:---thmb Hash=e1ee5bfc3da0fc660b3f1f0b5e17d4db
   531:---thmb Hash=16c79535e75ff1d46329bc2e0a3fcb35
   545:---thmb Hash=cbac7128bdeaad8bfe306c16f364c8bf
   559:---thmb Hash=31e871268d3f5352b243e0c30642887d
   573:--iprp Hash=b9d07cf632f438ff9e63400c8b9d595e
   581:---ipco Hash=a2a0dc7ad157194392ad31fb0dbeb71b
   589:----hvcC Hash=24e00d0d796142702ee9ca4b19f2bceb
   697:----ispe Hash=75d6b33fb81519ba5410667bcc37b631
   717:----hvcC Hash=b6d61ba5ca80d1adce35a9e14c8e2972
   824:----ispe Hash=61f5fd7e5cdfffb50d0186158f85deaa
   844:----hvcC Hash=24e00d0d796142702ee9ca4b19f2bceb
   952:----hvcC Hash=b6d61ba5ca80d1adce35a9e14c8e2972
  1059:----hvcC Hash=24e00d0d796142702ee9ca4b19f2bceb
  1167:----hvcC Hash=b6d61ba5ca80d1adce35a9e14c8e2972
  1274:----hvcC Hash=24e00d0d796142702ee9ca4b19f2bceb
  1382:----hvcC Hash=b6d61ba5ca80d1adce35a9e14c8e2972
  1489:---ipma Hash=d9ac35272efbfc6c14200044b45619ac
  1545:-mdat Hash=bb2b920c5389ab751b3c4487a319f396
Binary Data and Hash processing complete -------

Writing map file--------------
map file complete -------

Writing contents file--------------
write all to /home/kali/samples/random_collection_1440x960.heic.txt
Box=ftyp, location=0
Box=meta, location=24
Box=hdlr, location=36
Box=pitm, location=69
Box=iloc, location=83
Box=iinf, location=243
Box=infe, location=257
Box=infe, location=288
Box=infe, location=319
Box=infe, location=350
Box=infe, location=381
Box=infe, location=412
Box=infe, location=443
Box=infe, location=474
Box=infe, location=257
Box=infe, location=288
Box=infe, location=319
Box=infe, location=350
Box=infe, location=381
Box=infe, location=412
Box=infe, location=443
Box=infe, location=474
Box=iref, location=505
Box=thmb, location=517
Box=thmb, location=531
Box=thmb, location=545
Box=thmb, location=559
Box=thmb, location=517
Box=thmb, location=531
Box=thmb, location=545
Box=thmb, location=559
Box=iprp, location=573
Box=ipco, location=581
Box=hvcC, location=589
Box=ispe, location=697
Box=hvcC, location=717
Box=ispe, location=824
Box=hvcC, location=844
Box=hvcC, location=952
Box=hvcC, location=1059
Box=hvcC, location=1167
Box=hvcC, location=1274
Box=hvcC, location=1382
Box=ipma, location=1489
Box=mdat, location=1545
write all complete
Contents file complete -------
Extracting components--------------
Box=ftyp, location=0
Box=meta, location=24
Box=hdlr, location=36
Box=pitm, location=69
Box=iloc, location=83
Box=iinf, location=243
Box=infe, location=257
Box=infe, location=288
Box=infe, location=319
Box=infe, location=350
Box=infe, location=381
Box=infe, location=412
Box=infe, location=443
Box=infe, location=474
Box=infe, location=257
Box=infe, location=288
Box=infe, location=319
Box=infe, location=350
Box=infe, location=381
Box=infe, location=412
Box=infe, location=443
Box=infe, location=474
Box=iref, location=505
Box=thmb, location=517
Box=thmb, location=531
Box=thmb, location=545
Box=thmb, location=559
Box=thmb, location=517
Box=thmb, location=531
Box=thmb, location=545
Box=thmb, location=559
Box=iprp, location=573
Box=ipco, location=581
Box=hvcC, location=589
Box=ispe, location=697
Box=hvcC, location=717
Box=ispe, location=824
Box=hvcC, location=844
Box=hvcC, location=952
Box=hvcC, location=1059
Box=hvcC, location=1167
Box=hvcC, location=1274
Box=hvcC, location=1382
Box=ipma, location=1489
Box=mdat, location=1545
Component Extraction complete-------
Extracting metadata--------------
Extracting metadata--------------
  Extracting Exif metadata by iloc Item Record --------------
Metadata extraction complete-------
Extracting Images -----------
Image extraction complete----------
