Parsing file ------------
      0:ftyp(size=24, start=0, end=24)
     24:meta(size=843, start=24, end=867)
     36:-hdlr(size=33, start=36, end=69)
     69:-pitm(size=14, start=69, end=83)
     83:-iloc(size=88, start=83, end=171)
    171:-iinf(size=98, start=171, end=269)
    185:---infe(size=21, start=185, end=206)
    206:---infe(size=21, start=206, end=227)
    227:---infe(size=21, start=227, end=248)
    248:---infe(size=21, start=248, end=269)
    269:-iref(size=40, start=269, end=309)
    281:--thmb(size=14, start=281, end=295)
    295:--thmb(size=14, start=295, end=309)
    309:-iprp(size=522, start=309, end=831)
    317:--ipco(size=478, start=317, end=795)
    325:---hvcC(size=108, start=325, end=433)
    433:---ispe(size=20, start=433, end=453)
    453:---hvcC(size=107, start=453, end=560)
    560:---ispe(size=20, start=560, end=580)
    580:---hvcC(size=108, start=580, end=688)
    688:---hvcC(size=107, start=688, end=795)
    795:--ipma(size=36, start=795, end=831)
    831:-grpl(size=36, start=831, end=867)
    831:-No definition found for box type grpl. Contents = b'\x00\x00\x00\x1ctsyn\x00\x00\x00\x00\x00\x00\x03\xf4\x00\x00\x00\x02\x00\x00\x03\xea\x00\x00\x03\xf0'
Warning: Box not found at location 36 length 36
    867:mdat(size=114154, start=867, end=115021)
ISOBaseMediaFile
  ftyp: <HeifER.ftyp.FileTypeBox object at 0x7f5c6aea8610>  majar_brand: mif1
    minor_version: 0
    compatible_brands: mif1,heic,
  meta:<HeifER.meta.MetaBox object at 0x7f5c6aea8be0>
  moov: None
  mdat: <HeifER.mdat.MediaDataBox object at 0x7f5c6aea85b0>
  
Parse Complete --------

Processing Binary Data and Hashes --------------
     0:-ftyp Hash=9c6ece64477a0084f856af3241ead362
    24:-meta Hash=2dd9a70619a11dfc78eda517ab9286ca
    36:--hdlr Hash=63266d7ddc9038364e39dc50d4e19dcb
    69:--pitm Hash=b9f8843bbbac924588f76c8754c7e366
    83:--iloc Hash=27eb30d8c98a70885f1642597a4ae7c3
   171:--iinf Hash=35896b6cd5fb455d57ddca77264dc250
   185:----infe Hash=af4493f4fc494f6a61253363eefd45d0
   206:----infe Hash=ab74547a268845472d8312d1f2ba5568
   227:----infe Hash=005bc16f03ef20d563fd320c40d2e1ea
   248:----infe Hash=7f979df9900905e6e64e354c648593e5
   269:--iref Hash=68c99ff82ee9fec2967e6f2d740e3fd6
   309:--iprp Hash=63a1a370a01eb9df09c2de7b91c30293
   317:---ipco Hash=ebc8d23f894b16b5daafc0ee056b4107
   325:----hvcC Hash=24e00d0d796142702ee9ca4b19f2bceb
   433:----ispe Hash=75d6b33fb81519ba5410667bcc37b631
   453:----hvcC Hash=b6d61ba5ca80d1adce35a9e14c8e2972
   560:----ispe Hash=61f5fd7e5cdfffb50d0186158f85deaa
   580:----hvcC Hash=24e00d0d796142702ee9ca4b19f2bceb
   688:----hvcC Hash=b6d61ba5ca80d1adce35a9e14c8e2972
   795:---ipma Hash=4c1d6af14bd7f2e1e1883ab0b47f526e
   867:-mdat Hash=994681cb189d529066e6d89bf45551d2
Binary Data and Hash processing complete -------
write all to bothie_1440x960.heic.txt
write all complete
