Parsing file ------------
      0:ftyp(size=24, start=0, end=24)
     24:meta(size=873, start=24, end=897)
     36:-hdlr(size=33, start=36, end=69)
     69:-pitm(size=14, start=69, end=83)
     83:-iloc(size=88, start=83, end=171)
     99:--  item=1
    109:--    extent=1
    117:--  item=2
    127:--    extent=1
    135:--  item=3
    145:--    extent=1
    153:--  item=4
    163:--    extent=1
    171:-iinf(size=98, start=171, end=269)
    185:---infe(size=21, start=185, end=206)
    206:---infe(size=21, start=206, end=227)
    227:---infe(size=21, start=227, end=248)
    248:---infe(size=21, start=248, end=269)
    269:-iref(size=40, start=269, end=309)
    281:--thmb(size=14, start=281, end=295)
    295:--thmb(size=14, start=295, end=309)
    309:-iprp(size=524, start=309, end=833)
    317:--ipco(size=480, start=317, end=797)
    325:---hvcC(size=108, start=325, end=433)
    433:---ispe(size=20, start=433, end=453)
    453:---hvcC(size=108, start=453, end=561)
    561:---ispe(size=20, start=561, end=581)
    581:---hvcC(size=108, start=581, end=689)
    689:---hvcC(size=108, start=689, end=797)
    797:--ipma(size=36, start=797, end=833)
    833:-grpl(size=64, start=833, end=897)
    897:mdat(size=258819, start=897, end=259716)
ISOBaseMediaFile
  ftyp: <isobmfflib.ftyp.FileTypeBox object at 0x7f6de86acaf0>  majar_brand: mif1
    minor_version: 0
    compatible_brands: mif1,heic,
  meta:<isobmfflib.meta.MetaBox object at 0x7f6de9504280>
  moov: None
  mdat: <isobmfflib.mdat.MediaDataBox object at 0x7f6de8b561c0>
  
Parse Complete --------

Processing Binary Data and Hashes --------------
     0:-ftyp Hash=9c6ece64477a0084f856af3241ead362
    24:-meta Hash=7cd21b1ed941e3d4197b2f5865f03bd0
    36:--hdlr Hash=63266d7ddc9038364e39dc50d4e19dcb
    69:--pitm Hash=b9f8843bbbac924588f76c8754c7e366
    83:--iloc Hash=28b3191c3d1f9b759a15e9914928d71a
      :    item=1, extent=1 Hash=be1c83ed29c111ac7296c2507169938a
      :    item=2, extent=1 Hash=86ca7e19b2f0d9cb89e11ae2d8c1809c
      :    item=3, extent=1 Hash=95132c0124fc4f1c93e4fec61c31ccaa
      :    item=4, extent=1 Hash=2fb64c57d58f04692081117768cca360
   171:--iinf Hash=35896b6cd5fb455d57ddca77264dc250
   185:----infe Hash=af4493f4fc494f6a61253363eefd45d0
   206:----infe Hash=ab74547a268845472d8312d1f2ba5568
   227:----infe Hash=005bc16f03ef20d563fd320c40d2e1ea
   248:----infe Hash=7f979df9900905e6e64e354c648593e5
   269:--iref Hash=68c99ff82ee9fec2967e6f2d740e3fd6
   281:---thmb Hash=e1ee5bfc3da0fc660b3f1f0b5e17d4db
   295:---thmb Hash=16c79535e75ff1d46329bc2e0a3fcb35
   281:---thmb Hash=e1ee5bfc3da0fc660b3f1f0b5e17d4db
   295:---thmb Hash=16c79535e75ff1d46329bc2e0a3fcb35
   309:--iprp Hash=99d71667b243eca7a4c099befe747dad
   317:---ipco Hash=823b79e0de37b87fecaf5770db02213a
   325:----hvcC Hash=ccc82ae01ce67aec2c1118a9f7ee6f27
   433:----ispe Hash=cc6bed5b6805984def29838b2a821d6a
   453:----hvcC Hash=f347fabeb47e3817c59fe34611cfee80
   561:----ispe Hash=6b5f7d758e02683effc5bb175b4cf0d7
   581:----hvcC Hash=ccc82ae01ce67aec2c1118a9f7ee6f27
   689:----hvcC Hash=f347fabeb47e3817c59fe34611cfee80
   797:---ipma Hash=4c1d6af14bd7f2e1e1883ab0b47f526e
   833:--grpl Hash=3769e05b302a6b8bd1345e5cf0bbb3eb
   897:-mdat Hash=beac71a1eb120ae1e9b4035eaa23caf0
Binary Data and Hash processing complete -------

Writing map file--------------
map file complete -------

Writing contents file--------------
write all to /home/kali/samples/stereo_1200x800.heic.txt
Box=ftyp, location=0
Box=meta, location=24
Box=hdlr, location=36
Box=pitm, location=69
Box=iloc, location=83
Box=iinf, location=171
Box=infe, location=185
Box=infe, location=206
Box=infe, location=227
Box=infe, location=248
Box=infe, location=185
Box=infe, location=206
Box=infe, location=227
Box=infe, location=248
Box=iref, location=269
Box=thmb, location=281
Box=thmb, location=295
Box=thmb, location=281
Box=thmb, location=295
Box=iprp, location=309
Box=ipco, location=317
Box=hvcC, location=325
Box=ispe, location=433
Box=hvcC, location=453
Box=ispe, location=561
Box=hvcC, location=581
Box=hvcC, location=689
Box=ipma, location=797
Box=grpl, location=833
Box=mdat, location=897
write all complete
Contents file complete -------
Extracting components--------------
Box=ftyp, location=0
Box=meta, location=24
Box=hdlr, location=36
Box=pitm, location=69
Box=iloc, location=83
Box=iinf, location=171
Box=infe, location=185
Box=infe, location=206
Box=infe, location=227
Box=infe, location=248
Box=infe, location=185
Box=infe, location=206
Box=infe, location=227
Box=infe, location=248
Box=iref, location=269
Box=thmb, location=281
Box=thmb, location=295
Box=thmb, location=281
Box=thmb, location=295
Box=iprp, location=309
Box=ipco, location=317
Box=hvcC, location=325
Box=ispe, location=433
Box=hvcC, location=453
Box=ispe, location=561
Box=hvcC, location=581
Box=hvcC, location=689
Box=ipma, location=797
Box=grpl, location=833
Box=mdat, location=897
Component Extraction complete-------
Extracting metadata--------------
Extracting metadata--------------
  Extracting Exif metadata by iloc Item Record --------------
Metadata extraction complete-------
Extracting Images -----------
Image extraction complete----------
