Parsing file ------------
      0:ftyp(size=36, start=0, end=36)
     36:meta(size=338, start=36, end=374)
     48:-hdlr(size=33, start=48, end=81)
     81:-pitm(size=14, start=81, end=95)
     95:-iloc(size=34, start=95, end=129)
    111:--  item=1
    121:--    extent=1
    129:-iinf(size=45, start=129, end=174)
    143:---infe(size=31, start=143, end=174)
    174:-iref(size=12, start=174, end=186)
    186:-iprp(size=188, start=186, end=374)
    194:--ipco(size=159, start=194, end=353)
    202:---hvcC(size=131, start=202, end=333)
    333:---ispe(size=20, start=333, end=353)
    353:--ipma(size=21, start=353, end=374)
    374:moov(size=1611, start=374, end=1985)
    382:-mvhd(size=108, start=382, end=490)
    490:-trak(size=1495, start=490, end=1985)
    498:--tkhd(size=92, start=498, end=590)
    590:--mdia(size=1395, start=590, end=1985)
    598:---mdhd(size=32, start=598, end=630)
    630:---hdlr(size=66, start=630, end=696)
    696:---minf(size=1289, start=696, end=1985)
    704:----vmhd(size=20, start=704, end=724)
    724:----dinf(size=36, start=724, end=760)
    732:-----dref(size=28, start=732, end=760)
    748:-------url (size=12, start=748, end=760)
    760:----stbl(size=1225, start=760, end=1985)
    768:-----stsd(size=249, start=768, end=1017)
    784:-------hvc1(size=233, start=784, end=1017)
    870:---------hvcC(size=131, start=870, end=1001)
   1001:-----ccst(size=16, start=1001, end=1017)
   1017:-----stts(size=24, start=1017, end=1041)
   1041:-----stsc(size=28, start=1041, end=1069)
   1069:-----stco(size=20, start=1069, end=1089)
   1089:-----stsz(size=500, start=1089, end=1589)
   1589:-----stss(size=48, start=1589, end=1637)
   1637:-----sgpd(size=200, start=1637, end=1837)
   1837:-----sbgp(size=148, start=1837, end=1985)
   1985:mdat(size=379383, start=1985, end=381368)
ISOBaseMediaFile
  ftyp: <isobmfflib.ftyp.FileTypeBox object at 0x7f3317e72af0>  majar_brand: msf1
    minor_version: 0
    compatible_brands: msf1,hevc,heic,mif1,iso8,
  meta:<isobmfflib.meta.MetaBox object at 0x7f3319d8e280>
  moov: <isobmfflib.moov.MovieBox object at 0x7f33191cf1c0>
  mdat: <isobmfflib.mdat.MediaDataBox object at 0x7f3317e9b880>
  
Parse Complete --------

Processing Binary Data and Hashes --------------
     0:-ftyp Hash=50300599cac9028b2ef466479dad928e
    36:-meta Hash=f28002c5aba26c645e193744c887e002
    48:--hdlr Hash=63266d7ddc9038364e39dc50d4e19dcb
    81:--pitm Hash=9237c952c7f9bfde73ff2fb34d599bd0
    95:--iloc Hash=aa16be3b94dfddc4fe4e993c3a0f5063
      :    item=1, extent=1 Hash=d42fb86a0db108daf397b831bdf572be
   129:--iinf Hash=df8d550480f4913bb966a570f634f2d8
   143:----infe Hash=2503d9fef28fc5f297a9d6bfe3d1cdb8
   174:-iref Hash=26aae28c2342073ad6b830ce39845009
   186:--iprp Hash=3cec0747005c62123f1cbff026d60661
   194:---ipco Hash=c0e49192075c42c4fa1f2346f747184d
   202:----hvcC Hash=4f9aaa0a2bf0d2009e6434b4f68aab32
   333:----ispe Hash=a34ce98d9259a8f4bb5463f2c66fe4e8
   353:---ipma Hash=e8e2cf66fbb238c90db52db9697ab9ac
   374:-moov Hash=805dd2f7c3e21744c5817f1ff5af8a41
   382:--mvhd Hash=bd700bc3a7ddebe3bcc33c41fc88a830
   490:--trak Hash=26f3e8475e120ab9869dcee0bce0ae26
   498:---tkhd Hash=ec6e3d88aba7a269e704b5a83f8c8a70
   590:---mdia Hash=992a4de676516231731d4cfde7106110
   598:----mdhd Hash=b03a5bc4c9053a9efc8df9c7a074d6bd
   630:----hdlr Hash=0cfbfae8e9b3641e667682790ba9217b
   696:----minf Hash=ffcf6ad3547baa609a7aed99d9eb24a6
   704:-----vmhd Hash=223b7f6c7e9df8c9f756f34663480f82
   724:-----dinf Hash=5ca8ac3580f6779b6362b7b1e7cfeb52
   732:------dref Hash=ac0eab12278326c08f7cb3e861005e40
   748:-------url  Hash=470b5e0ae161f2b8581d42f6056f0e59
   760:-----stbl Hash=67dc7df92e27f1f1a7ad83075150d508
   768:------stsd Hash=694fd75fee288068cc9672a61b1faa46
   784:------------------------hvc1 Hash=59e028eb7e52e2ae4b2b5d80d747f035
  1001:------ccst Hash=f87d0d84f8eca4b6eaa34ddbbcf03acb
  1017:------stts Hash=4b46f81ec232433ca94d4d653905880b
  1041:------stsc Hash=c0da43a46f67c11777da84d73109af33
  1069:------stco Hash=4a96fccefe030a634b4735a0379a8c78
  1089:------stsz Hash=9c90a6c0b81cefda0fc3edcd15e4bd92
  1589:------stss Hash=2569619e83012f0d78fd7621be5b5031
  1637:------sgpd Hash=1153b407ce3602090bf702806774504f
  1837:------sbgp Hash=3bbd5949317736ac29921317a667cc53
  1985:-mdat Hash=db7b2a0a151f97be6736290775dcd7ed
Binary Data and Hash processing complete -------

Writing map file--------------
map file complete -------

Writing contents file--------------
write all to /home/kali/samples/starfield_animation.heic.txt
Box=ftyp, location=0
Box=meta, location=36
Box=hdlr, location=48
Box=pitm, location=81
Box=iloc, location=95
Box=iinf, location=129
Box=infe, location=143
Box=infe, location=143
Box=iref, location=174
Box=iprp, location=186
Box=ipco, location=194
Box=hvcC, location=202
Box=ispe, location=333
Box=ipma, location=353
Box=moov, location=374
Box=mvhd, location=382
Box=trak, location=490
Box=tkhd, location=498
Box=mdia, location=590
Box=mdhd, location=598
Box=hdlr, location=630
Box=minf, location=696
Box=vmhd, location=704
Box=dinf, location=724
Box=dref, location=732
Box=url , location=748
Box=url , location=748
Box=stbl, location=760
Box=stsd, location=768
Box=hvc1, location=784
Box=hvc1, location=784
Box=ccst, location=1001
Box=stts, location=1017
Box=stsc, location=1041
Box=stco, location=1069
Box=stsz, location=1089
Box=stss, location=1589
Box=sgpd, location=1637
Box=sbgp, location=1837
Box=mdat, location=1985
write all complete
Contents file complete -------
Extracting components--------------
Box=ftyp, location=0
Box=meta, location=36
Box=hdlr, location=48
Box=pitm, location=81
Box=iloc, location=95
Box=iinf, location=129
Box=infe, location=143
Box=infe, location=143
Box=iref, location=174
Box=iprp, location=186
Box=ipco, location=194
Box=hvcC, location=202
Box=ispe, location=333
Box=ipma, location=353
Box=moov, location=374
Box=mvhd, location=382
Box=trak, location=490
Box=tkhd, location=498
Box=mdia, location=590
Box=mdhd, location=598
Box=hdlr, location=630
Box=minf, location=696
Box=vmhd, location=704
Box=dinf, location=724
Box=dref, location=732
Box=url , location=748
Box=url , location=748
Box=stbl, location=760
Box=stsd, location=768
Box=hvc1, location=784
Box=hvc1, location=784
Box=ccst, location=1001
Box=stts, location=1017
Box=stsc, location=1041
Box=stco, location=1069
Box=stsz, location=1089
Box=stss, location=1589
Box=sgpd, location=1637
Box=sbgp, location=1837
Box=mdat, location=1985
Component Extraction complete-------
Extracting metadata--------------
Extracting metadata--------------
  Extracting Exif metadata by iloc Item Record --------------
Metadata extraction complete-------
Extracting Images -----------
Image extraction complete----------
